<?xml version="1.0" encoding="UTF-8"?>
<!-- Generated by org.testng.reporters.JUnitXMLReporter -->
<testsuite hostname="A2ML31099" name="Default test" tests="2" failures="0" timestamp="1 Dec 2019 14:12:55 GMT" time="32.402" errors="0">
  <testcase name="checkLogin" time="5.317" classname="com.mindtree.testcases.TC_001_ValidateLoginFunctionality"/>
  <testcase name="checkLogin" time="0.003" classname="com.mindtree.testcases.TC_001_ValidateLoginFunctionality"/>
</testsuite> <!-- Default test -->
