<?xml version="1.0" encoding="UTF-8"?>
<!-- Generated by org.testng.reporters.JUnitXMLReporter -->
<testsuite hostname="A2ML31099" name="Test" tests="4" failures="0" timestamp="2 Dec 2019 07:21:37 GMT" time="178.934" errors="0">
  <testcase name="register" time="73.281" classname="com.mindtree.testcases.TC_002_ValidateRegisterFunctionality"/>
  <testcase name="register" time="10.436" classname="com.mindtree.testcases.TC_002_ValidateRegisterFunctionality"/>
  <testcase name="checkLogin" time="52.683" classname="com.mindtree.testcases.TC_001_ValidateLoginFunctionality"/>
  <testcase name="checkLogin" time="11.711" classname="com.mindtree.testcases.TC_001_ValidateLoginFunctionality"/>
</testsuite> <!-- Test -->
